<?xml version="1.0" encoding="UTF-8"?>
<testsuite name="com.bridgelabz.datastructuretest.MyHashMapTest" tests="1" skipped="0" failures="0" errors="0" timestamp="2021-03-28T13:25:14" hostname="LAPTOP-2B0EPGRS" time="0.139">
  <properties/>
  <testcase name="givenASentence_WhenWordsAreAddedToList_ShouldReturnWordFrequency()" classname="com.bridgelabz.datastructuretest.MyHashMapTest" time="0.139"/>
  <system-out><![CDATA[MyHashMapNodes{MyLinkedListNodes{MyMapNode{K=to V=2}->MyMapNode{K=be V=2}->MyMapNode{K=or V=1}->MyMapNode{K=not V=1}}}
]]></system-out>
  <system-err><![CDATA[]]></system-err>
</testsuite>
